<?xml version="1.0" encoding="utf-8"?><testsuites name="pytest tests"><testsuite name="pytest" errors="0" failures="0" skipped="0" tests="9" time="2.390" timestamp="2026-08-17T07:03:06.987058+00:00" hostname="agent-env-872752d3-568c-4197-a517-00b03acdc64f"><testcase classname="test_reports.backend_api_rab_test.TestRabStruktur" name="test_has_12_struktur_lines" time="1.797" /><testcase classname="test_reports.backend_api_rab_test.TestRabStruktur" name="test_split_beton_pembesian_bekisting_per_element" time="0.000" /><testcase classname="test_reports.backend_api_rab_test.TestRabStruktur" name="test_kolom_pembesian_demand_based" time="0.000" /><testcase classname="test_reports.backend_api_rab_test.TestRabStruktur" name="test_balok_pembesian_demand_based" time="0.000" /><testcase classname="test_reports.backend_api_rab_test.TestPriceBook" name="test_price_book_stamp_v2026_1" time="0.000" /><testcase classname="test_reports.backend_api_rab_test.TestPriceBook" name="test_cites_bps_ikk_and_ahsp" time="0.000" /><testcase classname="test_reports.backend_api_rab_test.TestPriceBook" name="test_no_stale_warning" time="0.000" /><testcase classname="test_reports.backend_api_rab_test.TestLayout" name="test_layout_has_floors_rooms_openings" time="0.474" /><testcase classname="test_reports.backend_api_rab_test.TestLayout" name="test_openings_have_doors_or_windows" time="0.000" /></testsuite></testsuites>